build/android/app/build/intermediates/manifest_merge_blame_file/release/manifest-merger-blame-release-report.txt
1<?xml version="1.0" encoding="utf-8"?>
2<manifest xmlns:android="http://schemas.android.com/apk/res/android"
3    package="it.wikimedia.wikilovesmonuments"
4    android:versionCode="19"
5    android:versionName="2.0.0" >
6
7    <uses-sdk
8        android:minSdkVersion="19"
9        android:targetSdkVersion="30" />
10
11    <uses-permission android:name="android.permission.ACCESS_FINE_LOCATION" />
11-->src/main/AndroidManifest.xml:22:2-75
11-->src/main/AndroidManifest.xml:22:19-73
12    <uses-permission android:name="android.permission.ACCESS_COARSE_LOCATION" />
12-->src/main/AndroidManifest.xml:18:2-77
12-->src/main/AndroidManifest.xml:18:19-75
13    <uses-permission android:name="android.permission.INTERNET" />
13-->src/main/AndroidManifest.xml:6:2-63
13-->src/main/AndroidManifest.xml:6:19-61
14    <uses-permission android:name="android.permission.ACCESS_WIFI_STATE" />
14-->src/main/AndroidManifest.xml:10:2-72
14-->src/main/AndroidManifest.xml:10:19-70
15    <uses-permission android:name="android.permission.ACCESS_NETWORK_STATE" />
15-->src/main/AndroidManifest.xml:14:2-75
15-->src/main/AndroidManifest.xml:14:19-73
16    <uses-permission android:name="android.permission.WRITE_EXTERNAL_STORAGE" />
16-->[ti:osm:1.0.0] AndroidManifest.xml:14:5-81
16-->[ti:osm:1.0.0] AndroidManifest.xml:14:22-78
17
18    <uses-feature
18-->[ti:map:5.0.1] AndroidManifest.xml:11:5-13:35
19        android:glEsVersion="0x00020000"
19-->[ti:map:5.0.1] AndroidManifest.xml:12:9-41
20        android:required="true" />
20-->[ti:map:5.0.1] AndroidManifest.xml:13:9-32
21
22    <uses-permission android:name="it.wikimedia.wikilovesmonuments.permission.MAPS_RECEIVE" />
22-->[ti:map:5.0.1] AndroidManifest.xml:15:5-80
22-->[ti:map:5.0.1] AndroidManifest.xml:15:22-77
23    <uses-permission android:name="android.permission.USE_FINGERPRINT" />
23-->[ti:identity:3.0.3] AndroidManifest.xml:11:5-74
23-->[ti:identity:3.0.3] AndroidManifest.xml:11:22-71
24    <uses-permission android:name="android.permission.USE_BIOMETRIC" />
24-->[androidx.biometric:biometric:1.0.1] AndroidManifest.xml:24:5-72
24-->[androidx.biometric:biometric:1.0.1] AndroidManifest.xml:24:22-69
25
26    <supports-screens
26-->[org.osmdroid:osmdroid-android:6.1.10] AndroidManifest.xml:11:5-14:40
27        android:anyDensity="true"
27-->[org.osmdroid:osmdroid-android:6.1.10] AndroidManifest.xml:12:9-34
28        android:largeScreens="true"
28-->[org.osmdroid:osmdroid-android:6.1.10] AndroidManifest.xml:13:9-36
29        android:normalScreens="true" />
29-->[org.osmdroid:osmdroid-android:6.1.10] AndroidManifest.xml:14:9-37
30
31    <uses-feature
31-->[org.osmdroid:osmdroid-android:6.1.10] AndroidManifest.xml:16:5-18:36
32        android:name="android.hardware.location.network"
32-->[org.osmdroid:osmdroid-android:6.1.10] AndroidManifest.xml:17:9-57
33        android:required="false" />
33-->[org.osmdroid:osmdroid-android:6.1.10] AndroidManifest.xml:18:9-33
34    <uses-feature
34-->[org.osmdroid:osmdroid-android:6.1.10] AndroidManifest.xml:19:5-21:36
35        android:name="android.hardware.location.gps"
35-->[org.osmdroid:osmdroid-android:6.1.10] AndroidManifest.xml:20:9-53
36        android:required="false" />
36-->[org.osmdroid:osmdroid-android:6.1.10] AndroidManifest.xml:21:9-33
37    <uses-feature
37-->[org.osmdroid:osmdroid-android:6.1.10] AndroidManifest.xml:22:5-24:36
38        android:name="android.hardware.telephony"
38-->[org.osmdroid:osmdroid-android:6.1.10] AndroidManifest.xml:23:9-50
39        android:required="false" />
39-->[org.osmdroid:osmdroid-android:6.1.10] AndroidManifest.xml:24:9-33
40    <uses-feature
40-->[org.osmdroid:osmdroid-android:6.1.10] AndroidManifest.xml:25:5-27:36
41        android:name="android.hardware.wifi"
41-->[org.osmdroid:osmdroid-android:6.1.10] AndroidManifest.xml:26:9-45
42        android:required="false" />
42-->[org.osmdroid:osmdroid-android:6.1.10] AndroidManifest.xml:27:9-33
43
44    <application
44-->src/main/AndroidManifest.xml:28:2-39:16
45        android:name="it.wikimedia.wikilovesmonuments.WlmItaliaApplication"
45-->src/main/AndroidManifest.xml:28:75-110
46        android:appComponentFactory="androidx.core.app.CoreComponentFactory"
46-->[androidx.core:core:1.3.2] AndroidManifest.xml:24:18-86
47        android:icon="@drawable/appicon"
47-->src/main/AndroidManifest.xml:28:15-47
48        android:label="WLM Italia"
48-->src/main/AndroidManifest.xml:28:48-74
49        android:theme="@style/Theme.MaterialComponents.Bridge"
49-->src/main/AndroidManifest.xml:28:147-201
50        android:usesCleartextTraffic="true" >
50-->src/main/AndroidManifest.xml:28:111-146
51        <meta-data
51-->src/release/AndroidManifest.xml:6:9-123
52            android:name="com.google.android.geo.API_KEY"
52-->src/release/AndroidManifest.xml:6:20-65
53            android:value="AIzaSyBrART7ZFvMWsqUOiYnVXAxzjnf7KaA7-c" />
53-->src/release/AndroidManifest.xml:6:66-121
54
55        <activity
56            android:name="it.wikimedia.wikilovesmonuments.WlmItaliaActivity"
57            android:alwaysRetainTaskState="true"
58            android:configChanges="density|fontScale|keyboard|keyboardHidden|layoutDirection|locale|mcc|mnc|navigation|orientation|screenLayout|screenSize|smallestScreenSize|touchscreen|uiMode"
59            android:label="@string/app_name"
60            android:theme="@style/Theme.Titanium" >
61            <intent-filter>
62                <action android:name="android.intent.action.MAIN" />
63
64                <category android:name="android.intent.category.LAUNCHER" />
65            </intent-filter>
66        </activity>
67
68        <meta-data
68-->[ti:playservices:17.5.0] AndroidManifest.xml:12:9-14:69
69            android:name="com.google.android.gms.version"
69-->[ti:playservices:17.5.0] AndroidManifest.xml:13:13-58
70            android:value="@integer/google_play_services_version" />
70-->[ti:playservices:17.5.0] AndroidManifest.xml:14:13-66
71
72        <activity
72-->[org.appcelerator:titanium:9.3.2] AndroidManifest.xml:12:9-14:197
73            android:name="org.appcelerator.titanium.TiActivity"
73-->[org.appcelerator:titanium:9.3.2] AndroidManifest.xml:13:13-64
74            android:configChanges="density|fontScale|keyboard|keyboardHidden|layoutDirection|locale|mcc|mnc|navigation|orientation|screenLayout|screenSize|smallestScreenSize|touchscreen|uiMode" />
74-->[org.appcelerator:titanium:9.3.2] AndroidManifest.xml:14:13-194
75        <activity
75-->[org.appcelerator:titanium:9.3.2] AndroidManifest.xml:15:9-18:65
76            android:name="org.appcelerator.titanium.TiTranslucentActivity"
76-->[org.appcelerator:titanium:9.3.2] AndroidManifest.xml:16:13-75
77            android:configChanges="density|fontScale|keyboard|keyboardHidden|layoutDirection|locale|mcc|mnc|navigation|orientation|screenLayout|screenSize|smallestScreenSize|touchscreen|uiMode"
77-->[org.appcelerator:titanium:9.3.2] AndroidManifest.xml:17:13-194
78            android:theme="@style/Theme.Titanium.Translucent" />
78-->[org.appcelerator:titanium:9.3.2] AndroidManifest.xml:18:13-62
79        <activity
79-->[org.appcelerator:titanium:9.3.2] AndroidManifest.xml:19:9-22:76
80            android:name="ti.modules.titanium.media.TiCameraActivity"
80-->[org.appcelerator:titanium:9.3.2] AndroidManifest.xml:20:13-70
81            android:configChanges="density|fontScale|keyboard|keyboardHidden|layoutDirection|locale|mcc|mnc|navigation|orientation|screenLayout|screenSize|smallestScreenSize|touchscreen|uiMode"
81-->[org.appcelerator:titanium:9.3.2] AndroidManifest.xml:21:13-194
82            android:theme="@style/Theme.Titanium.Translucent.Fullscreen" />
82-->[org.appcelerator:titanium:9.3.2] AndroidManifest.xml:22:13-73
83        <activity
83-->[org.appcelerator:titanium:9.3.2] AndroidManifest.xml:23:9-26:64
84            android:name="ti.modules.titanium.media.TiVideoActivity"
84-->[org.appcelerator:titanium:9.3.2] AndroidManifest.xml:24:13-69
85            android:configChanges="density|fontScale|keyboard|keyboardHidden|layoutDirection|locale|mcc|mnc|navigation|orientation|screenLayout|screenSize|smallestScreenSize|touchscreen|uiMode"
85-->[org.appcelerator:titanium:9.3.2] AndroidManifest.xml:25:13-194
86            android:theme="@style/Theme.Titanium.Fullscreen" />
86-->[org.appcelerator:titanium:9.3.2] AndroidManifest.xml:26:13-61
87        <activity android:name="ti.modules.titanium.ui.android.TiPreferencesActivity" />
87-->[org.appcelerator:titanium:9.3.2] AndroidManifest.xml:27:9-89
87-->[org.appcelerator:titanium:9.3.2] AndroidManifest.xml:27:19-86
88
89        <provider
89-->[org.appcelerator:titanium:9.3.2] AndroidManifest.xml:29:9-33:50
90            android:name="org.appcelerator.titanium.io.TiFileProvider"
90-->[org.appcelerator:titanium:9.3.2] AndroidManifest.xml:30:13-71
91            android:authorities="it.wikimedia.wikilovesmonuments.tifileprovider"
91-->[org.appcelerator:titanium:9.3.2] AndroidManifest.xml:31:13-66
92            android:exported="false"
92-->[org.appcelerator:titanium:9.3.2] AndroidManifest.xml:32:13-37
93            android:grantUriPermissions="true" />
93-->[org.appcelerator:titanium:9.3.2] AndroidManifest.xml:33:13-47
94
95        <service
95-->[org.appcelerator:titanium:9.3.2] AndroidManifest.xml:35:9-38:72
96            android:name="com.appcelerator.aps.APSAnalyticsService"
96-->[org.appcelerator:titanium:9.3.2] AndroidManifest.xml:36:13-68
97            android:exported="false"
97-->[org.appcelerator:titanium:9.3.2] AndroidManifest.xml:37:13-37
98            android:permission="android.permission.BIND_JOB_SERVICE" />
98-->[org.appcelerator:titanium:9.3.2] AndroidManifest.xml:38:13-69
99
100        <activity
100-->[androidx.biometric:biometric:1.0.1] AndroidManifest.xml:28:9-31:67
101            android:name="androidx.biometric.DeviceCredentialHandlerActivity"
101-->[androidx.biometric:biometric:1.0.1] AndroidManifest.xml:29:13-78
102            android:exported="true"
102-->[androidx.biometric:biometric:1.0.1] AndroidManifest.xml:30:13-36
103            android:theme="@style/DeviceCredentialHandlerTheme" /> <!-- Needs to be explicitly declared on P+ -->
103-->[androidx.biometric:biometric:1.0.1] AndroidManifest.xml:31:13-64
104        <uses-library
104-->[com.google.android.gms:play-services-maps:17.0.0] AndroidManifest.xml:33:9-35:40
105            android:name="org.apache.http.legacy"
105-->[com.google.android.gms:play-services-maps:17.0.0] AndroidManifest.xml:34:13-50
106            android:required="false" />
106-->[com.google.android.gms:play-services-maps:17.0.0] AndroidManifest.xml:35:13-37
107
108        <activity
108-->[com.google.android.gms:play-services-base:17.5.0] AndroidManifest.xml:23:9-26:75
109            android:name="com.google.android.gms.common.api.GoogleApiActivity"
109-->[com.google.android.gms:play-services-base:17.5.0] AndroidManifest.xml:24:13-79
110            android:exported="false"
110-->[com.google.android.gms:play-services-base:17.5.0] AndroidManifest.xml:25:13-37
111            android:theme="@android:style/Theme.Translucent.NoTitleBar" />
111-->[com.google.android.gms:play-services-base:17.5.0] AndroidManifest.xml:26:13-72
112    </application>
113
114</manifest>